2024-06-30 21:12:46,727 INFO:BEGIN (implicit)
2024-06-30 21:12:46,728 INFO:PRAGMA main.table_info("member")
2024-06-30 21:12:46,729 INFO:[raw sql] ()
2024-06-30 21:12:46,733 INFO:PRAGMA main.table_info("account")
2024-06-30 21:12:46,733 INFO:[raw sql] ()
2024-06-30 21:12:46,736 INFO:PRAGMA main.table_info("login")
2024-06-30 21:12:46,736 INFO:[raw sql] ()
2024-06-30 21:12:46,739 INFO:PRAGMA main.table_info("balance")
2024-06-30 21:12:46,739 INFO:[raw sql] ()
2024-06-30 21:12:46,742 INFO:PRAGMA main.table_info("api")
2024-06-30 21:12:46,742 INFO:[raw sql] ()
2024-06-30 21:12:46,745 INFO:PRAGMA main.table_info("account_pages_info")
2024-06-30 21:12:46,746 INFO:[raw sql] ()
2024-06-30 21:12:46,749 INFO:PRAGMA main.table_info("trade")
2024-06-30 21:12:46,750 INFO:[raw sql] ()
2024-06-30 21:12:46,753 INFO:PRAGMA main.table_info("take_profit")
2024-06-30 21:12:46,753 INFO:[raw sql] ()
2024-06-30 21:12:46,755 INFO:PRAGMA main.table_info("membership")
2024-06-30 21:12:46,756 INFO:[raw sql] ()
2024-06-30 21:12:46,758 INFO:PRAGMA main.table_info("abo")
2024-06-30 21:12:46,758 INFO:[raw sql] ()
2024-06-30 21:12:46,761 INFO:PRAGMA main.table_info("subscription")
2024-06-30 21:12:46,761 INFO:[raw sql] ()
2024-06-30 21:12:46,763 INFO:COMMIT
2024-06-30 21:13:30,999 INFO:BEGIN (implicit)
2024-06-30 21:13:31,002 INFO:SELECT account.account_id AS account_account_id, account.login_name AS account_login_name, account.hashed_password AS account_hashed_password, account."memberID" AS "account_memberID" 
FROM account 
WHERE account.login_name = ?
 LIMIT ? OFFSET ?
2024-06-30 21:13:31,002 INFO:[generated in 0.00049s] ('mustermann12', 1, 0)
2024-06-30 21:13:31,008 INFO:ROLLBACK
2024-06-30 21:15:15,390 INFO:BEGIN (implicit)
2024-06-30 21:15:15,392 INFO:SELECT member.member_id AS member_member_id, member.firstname AS member_firstname, member.lastname AS member_lastname, member.birthday AS member_birthday, member.address AS member_address, member.country AS member_country, member.email AS member_email, member.phone_number AS member_phone_number 
FROM member 
WHERE member.phone_number = ?
 LIMIT ? OFFSET ?
2024-06-30 21:15:15,393 INFO:[generated in 0.00074s] ('12234232322', 1, 0)
2024-06-30 21:15:15,401 INFO:SELECT member.member_id AS member_member_id, member.firstname AS member_firstname, member.lastname AS member_lastname, member.birthday AS member_birthday, member.address AS member_address, member.country AS member_country, member.email AS member_email, member.phone_number AS member_phone_number 
FROM member 
WHERE member.email = ?
 LIMIT ? OFFSET ?
2024-06-30 21:15:15,402 INFO:[generated in 0.00071s] ('simonwaels123@gmx.de', 1, 0)
2024-06-30 21:15:15,406 INFO:SELECT account.account_id AS account_account_id, account.login_name AS account_login_name, account.hashed_password AS account_hashed_password, account."memberID" AS "account_memberID" 
FROM account 
WHERE account.login_name = ?
 LIMIT ? OFFSET ?
2024-06-30 21:15:15,407 INFO:[cached since 104.4s ago] ('Mustermann13', 1, 0)
2024-06-30 21:15:15,413 INFO:INSERT INTO member (firstname, lastname, birthday, address, country, email, phone_number) VALUES (?, ?, ?, ?, ?, ?, ?)
2024-06-30 21:15:15,413 INFO:[generated in 0.00097s] ('ssssimo', 'wawewe', '1999-01-01', 'wdw', 'Algeria', 'simonwaels123@gmx.de', '12234232322')
2024-06-30 21:15:15,425 INFO:COMMIT
2024-06-30 21:15:15,442 INFO:BEGIN (implicit)
2024-06-30 21:15:15,443 INFO:SELECT member.member_id, member.firstname, member.lastname, member.birthday, member.address, member.country, member.email, member.phone_number 
FROM member 
WHERE member.member_id = ?
2024-06-30 21:15:15,444 INFO:[generated in 0.00106s] (4,)
2024-06-30 21:15:15,687 INFO:INSERT INTO account (login_name, hashed_password, "memberID") VALUES (?, ?, ?)
2024-06-30 21:15:15,688 INFO:[generated in 0.00079s] ('Mustermann13', '$2b$12$E81YNyf9DAEF0n5bnMcE/ekjeLU.oJfXdiriav32pDq4tiOABBMkC', 4)
2024-06-30 21:15:15,698 INFO:COMMIT
2024-06-30 21:15:16,797 INFO:BEGIN (implicit)
2024-06-30 21:15:16,798 INFO:SELECT member.member_id AS member_member_id, member.firstname AS member_firstname, member.lastname AS member_lastname, member.birthday AS member_birthday, member.address AS member_address, member.country AS member_country, member.email AS member_email, member.phone_number AS member_phone_number 
FROM member 
WHERE member.email = ?
 LIMIT ? OFFSET ?
2024-06-30 21:15:16,799 INFO:[cached since 1.398s ago] ('simonwaels123@gmx.de', 1, 0)
2024-06-30 21:15:17,398 INFO:ROLLBACK
2024-06-30 21:15:55,548 INFO:BEGIN (implicit)
2024-06-30 21:15:55,550 INFO:SELECT account.account_id AS account_account_id, account.login_name AS account_login_name, account.hashed_password AS account_hashed_password, account."memberID" AS "account_memberID" 
FROM account 
WHERE account.login_name = ?
 LIMIT ? OFFSET ?
2024-06-30 21:15:55,550 INFO:[cached since 144.6s ago] ('Mustermann13', 1, 0)
2024-06-30 21:15:55,795 INFO:ROLLBACK
2024-06-30 21:17:31,469 INFO:BEGIN (implicit)
2024-06-30 21:17:31,470 INFO:SELECT account.account_id AS account_account_id, account.login_name AS account_login_name, account.hashed_password AS account_hashed_password, account."memberID" AS "account_memberID" 
FROM account 
WHERE account.login_name = ?
 LIMIT ? OFFSET ?
2024-06-30 21:17:31,470 INFO:[cached since 240.5s ago] ('mustermann12', 1, 0)
2024-06-30 21:17:31,477 INFO:ROLLBACK
2024-06-30 21:17:40,922 INFO:BEGIN (implicit)
2024-06-30 21:17:40,923 INFO:SELECT account.account_id AS account_account_id, account.login_name AS account_login_name, account.hashed_password AS account_hashed_password, account."memberID" AS "account_memberID" 
FROM account 
WHERE account.login_name = ?
 LIMIT ? OFFSET ?
2024-06-30 21:17:40,923 INFO:[cached since 249.9s ago] ('Mustermann13', 1, 0)
2024-06-30 21:17:41,142 INFO:ROLLBACK
2024-06-30 21:26:32,111 INFO:BEGIN (implicit)
2024-06-30 21:26:32,112 INFO:PRAGMA main.table_info("member")
2024-06-30 21:26:32,112 INFO:[raw sql] ()
2024-06-30 21:26:32,119 INFO:PRAGMA main.table_info("account")
2024-06-30 21:26:32,119 INFO:[raw sql] ()
2024-06-30 21:26:32,122 INFO:PRAGMA main.table_info("login")
2024-06-30 21:26:32,123 INFO:[raw sql] ()
2024-06-30 21:26:32,126 INFO:PRAGMA main.table_info("balance")
2024-06-30 21:26:32,126 INFO:[raw sql] ()
2024-06-30 21:26:32,129 INFO:PRAGMA main.table_info("api")
2024-06-30 21:26:32,129 INFO:[raw sql] ()
2024-06-30 21:26:32,132 INFO:PRAGMA main.table_info("account_pages_info")
2024-06-30 21:26:32,132 INFO:[raw sql] ()
2024-06-30 21:26:32,135 INFO:PRAGMA main.table_info("trade")
2024-06-30 21:26:32,135 INFO:[raw sql] ()
2024-06-30 21:26:32,138 INFO:PRAGMA main.table_info("take_profit")
2024-06-30 21:26:32,138 INFO:[raw sql] ()
2024-06-30 21:26:32,141 INFO:PRAGMA main.table_info("membership")
2024-06-30 21:26:32,141 INFO:[raw sql] ()
2024-06-30 21:26:32,144 INFO:PRAGMA main.table_info("abo")
2024-06-30 21:26:32,145 INFO:[raw sql] ()
2024-06-30 21:26:32,148 INFO:PRAGMA main.table_info("subscription")
2024-06-30 21:26:32,149 INFO:[raw sql] ()
2024-06-30 21:26:32,151 INFO:COMMIT
2024-06-30 21:27:16,910 INFO:BEGIN (implicit)
2024-06-30 21:27:16,914 INFO:SELECT account.account_id AS account_account_id, account.login_name AS account_login_name, account.hashed_password AS account_hashed_password, account."memberID" AS "account_memberID" 
FROM account 
WHERE account.login_name = ?
 LIMIT ? OFFSET ?
2024-06-30 21:27:16,915 INFO:[generated in 0.00061s] ('mustermann12', 1, 0)
2024-06-30 21:27:16,923 INFO:ROLLBACK
2024-06-30 21:27:27,214 INFO:BEGIN (implicit)
2024-06-30 21:27:27,215 INFO:SELECT account.account_id AS account_account_id, account.login_name AS account_login_name, account.hashed_password AS account_hashed_password, account."memberID" AS "account_memberID" 
FROM account 
WHERE account.login_name = ?
 LIMIT ? OFFSET ?
2024-06-30 21:27:27,216 INFO:[cached since 10.3s ago] ('Mustermann13', 1, 0)
2024-06-30 21:27:27,439 INFO:SELECT account.account_id AS account_account_id, account.login_name AS account_login_name, account.hashed_password AS account_hashed_password, account."memberID" AS "account_memberID" 
FROM account 
WHERE account.login_name = ?
 LIMIT ? OFFSET ?
2024-06-30 21:27:27,440 INFO:[cached since 10.53s ago] ('Mustermann13', 1, 0)
2024-06-30 21:27:27,447 INFO:SELECT member.member_id AS member_member_id, member.firstname AS member_firstname, member.lastname AS member_lastname, member.birthday AS member_birthday, member.address AS member_address, member.country AS member_country, member.email AS member_email, member.phone_number AS member_phone_number 
FROM member 
WHERE member.member_id = ?
 LIMIT ? OFFSET ?
2024-06-30 21:27:27,448 INFO:[generated in 0.00069s] (4, 1, 0)
2024-06-30 21:27:27,454 INFO:ROLLBACK
2024-06-30 21:27:27,457 INFO:BEGIN (implicit)
2024-06-30 21:27:27,461 INFO:SELECT trade.trade_id AS trade_trade_id, trade.trade_type AS trade_trade_type, trade.trade_price AS trade_trade_price, trade.currency_name AS trade_currency_name, trade.currency_volume AS trade_currency_volume, trade.trade_status AS trade_trade_status, trade.date_create AS trade_date_create, trade.date_bought AS trade_date_bought, trade.date_sale AS trade_date_sale, trade.purchase_rate AS trade_purchase_rate, trade.selling_rate AS trade_selling_rate, trade.comment AS trade_comment, trade.api_id AS trade_api_id, trade.stop_loss_price AS trade_stop_loss_price 
FROM trade 
WHERE trade.trade_type = ? AND trade.date_bought IS NULL
2024-06-30 21:27:27,462 INFO:[generated in 0.00092s] ('limit',)
2024-06-30 21:27:27,472 INFO:SELECT api.secret_key AS api_secret_key, api.api_id AS api_api_id, api.exchange_name AS api_exchange_name, api."key" AS api_key, api.passphrase AS api_passphrase, api."accountID" AS "api_accountID" 
FROM api 
WHERE api."accountID" = ?
 LIMIT ? OFFSET ?
2024-06-30 21:27:27,473 INFO:[generated in 0.00086s] (4, 1, 0)
2024-06-30 21:27:27,477 INFO:ROLLBACK
2024-06-30 21:27:31,409 INFO:BEGIN (implicit)
2024-06-30 21:27:31,412 INFO:SELECT api.secret_key AS api_secret_key, api.api_id AS api_api_id, api.exchange_name AS api_exchange_name, api."key" AS api_key, api.passphrase AS api_passphrase, api."accountID" AS "api_accountID" 
FROM api 
WHERE api."accountID" = ?
2024-06-30 21:27:31,417 INFO:[generated in 0.00501s] (4,)
2024-06-30 21:27:31,419 INFO:BEGIN (implicit)
2024-06-30 21:27:31,420 INFO:SELECT api.secret_key AS api_secret_key, api.api_id AS api_api_id, api.exchange_name AS api_exchange_name, api."key" AS api_key, api.passphrase AS api_passphrase, api."accountID" AS "api_accountID" 
FROM api 
WHERE api."accountID" = ?
2024-06-30 21:27:31,421 INFO:BEGIN (implicit)
2024-06-30 21:27:31,421 INFO:[cached since 0.009158s ago] (4,)
2024-06-30 21:27:31,422 INFO:SELECT api.secret_key AS api_secret_key, api.api_id AS api_api_id, api.exchange_name AS api_exchange_name, api."key" AS api_key, api.passphrase AS api_passphrase, api."accountID" AS "api_accountID" 
FROM api 
WHERE api."accountID" = ?
2024-06-30 21:27:31,423 INFO:BEGIN (implicit)
2024-06-30 21:27:31,424 INFO:[cached since 0.01206s ago] (4,)
2024-06-30 21:27:31,425 INFO:SELECT api.secret_key AS api_secret_key, api.api_id AS api_api_id, api.exchange_name AS api_exchange_name, api."key" AS api_key, api.passphrase AS api_passphrase, api."accountID" AS "api_accountID" 
FROM api 
WHERE api."accountID" = ?
2024-06-30 21:27:31,428 INFO:[cached since 0.0158s ago] (4,)
2024-06-30 21:27:31,429 INFO:ROLLBACK
2024-06-30 21:27:31,433 INFO:ROLLBACK
2024-06-30 21:27:31,438 INFO:ROLLBACK
2024-06-30 21:27:31,441 INFO:ROLLBACK
2024-06-30 21:30:26,226 ERROR:Missing or invalid Authorization-Header
2024-06-30 21:46:22,636 INFO:BEGIN (implicit)
2024-06-30 21:46:22,636 INFO:SELECT account.account_id AS account_account_id, account.login_name AS account_login_name, account.hashed_password AS account_hashed_password, account."memberID" AS "account_memberID" 
FROM account 
WHERE account.login_name = ?
 LIMIT ? OFFSET ?
2024-06-30 21:46:22,637 INFO:[cached since 1146s ago] ('mustermann12', 1, 0)
2024-06-30 21:46:22,643 INFO:ROLLBACK
2024-06-30 21:46:30,640 INFO:BEGIN (implicit)
2024-06-30 21:46:30,640 INFO:SELECT account.account_id AS account_account_id, account.login_name AS account_login_name, account.hashed_password AS account_hashed_password, account."memberID" AS "account_memberID" 
FROM account 
WHERE account.login_name = ?
 LIMIT ? OFFSET ?
2024-06-30 21:46:30,641 INFO:[cached since 1154s ago] ('Mustermann13', 1, 0)
2024-06-30 21:46:30,862 INFO:SELECT account.account_id AS account_account_id, account.login_name AS account_login_name, account.hashed_password AS account_hashed_password, account."memberID" AS "account_memberID" 
FROM account 
WHERE account.login_name = ?
 LIMIT ? OFFSET ?
2024-06-30 21:46:30,862 INFO:[cached since 1154s ago] ('Mustermann13', 1, 0)
2024-06-30 21:46:30,866 INFO:SELECT member.member_id AS member_member_id, member.firstname AS member_firstname, member.lastname AS member_lastname, member.birthday AS member_birthday, member.address AS member_address, member.country AS member_country, member.email AS member_email, member.phone_number AS member_phone_number 
FROM member 
WHERE member.member_id = ?
 LIMIT ? OFFSET ?
2024-06-30 21:46:30,866 INFO:[cached since 1143s ago] (4, 1, 0)
2024-06-30 21:46:30,874 INFO:ROLLBACK
2024-06-30 21:46:30,876 INFO:BEGIN (implicit)
2024-06-30 21:46:30,877 INFO:SELECT trade.trade_id AS trade_trade_id, trade.trade_type AS trade_trade_type, trade.trade_price AS trade_trade_price, trade.currency_name AS trade_currency_name, trade.currency_volume AS trade_currency_volume, trade.trade_status AS trade_trade_status, trade.date_create AS trade_date_create, trade.date_bought AS trade_date_bought, trade.date_sale AS trade_date_sale, trade.purchase_rate AS trade_purchase_rate, trade.selling_rate AS trade_selling_rate, trade.comment AS trade_comment, trade.api_id AS trade_api_id, trade.stop_loss_price AS trade_stop_loss_price 
FROM trade 
WHERE trade.trade_type = ? AND trade.date_bought IS NULL
2024-06-30 21:46:30,878 INFO:[cached since 1143s ago] ('limit',)
2024-06-30 21:46:30,884 INFO:SELECT api.secret_key AS api_secret_key, api.api_id AS api_api_id, api.exchange_name AS api_exchange_name, api."key" AS api_key, api.passphrase AS api_passphrase, api."accountID" AS "api_accountID" 
FROM api 
WHERE api."accountID" = ?
 LIMIT ? OFFSET ?
2024-06-30 21:46:30,884 INFO:[cached since 1143s ago] (4, 1, 0)
2024-06-30 21:46:30,888 INFO:ROLLBACK
2024-06-30 21:46:33,705 ERROR:Exception during reset or similar
Traceback (most recent call last):
  File "/usr/local/lib/python3.10/site-packages/sqlalchemy/pool/base.py", line 763, in _finalize_fairy
    fairy._reset(pool, transaction_was_reset)
  File "/usr/local/lib/python3.10/site-packages/sqlalchemy/pool/base.py", line 1038, in _reset
    pool._dialect.do_rollback(self)
  File "/usr/local/lib/python3.10/site-packages/sqlalchemy/engine/default.py", line 683, in do_rollback
    dbapi_connection.rollback()
sqlite3.ProgrammingError: SQLite objects created in a thread can only be used in that same thread. The object was created in thread id 139853454894784 and this is thread id 139853641382784.
2024-06-30 21:46:33,708 ERROR:Exception closing connection <sqlite3.Connection object at 0x7f3231637040>
Traceback (most recent call last):
  File "/usr/local/lib/python3.10/site-packages/sqlalchemy/pool/base.py", line 763, in _finalize_fairy
    fairy._reset(pool, transaction_was_reset)
  File "/usr/local/lib/python3.10/site-packages/sqlalchemy/pool/base.py", line 1038, in _reset
    pool._dialect.do_rollback(self)
  File "/usr/local/lib/python3.10/site-packages/sqlalchemy/engine/default.py", line 683, in do_rollback
    dbapi_connection.rollback()
sqlite3.ProgrammingError: SQLite objects created in a thread can only be used in that same thread. The object was created in thread id 139853454894784 and this is thread id 139853641382784.

During handling of the above exception, another exception occurred:

Traceback (most recent call last):
  File "/usr/local/lib/python3.10/site-packages/sqlalchemy/pool/base.py", line 260, in _close_connection
    self._dialect.do_terminate(connection)
  File "/usr/local/lib/python3.10/site-packages/sqlalchemy/engine/default.py", line 689, in do_terminate
    self.do_close(dbapi_connection)
  File "/usr/local/lib/python3.10/site-packages/sqlalchemy/engine/default.py", line 692, in do_close
    dbapi_connection.close()
sqlite3.ProgrammingError: SQLite objects created in a thread can only be used in that same thread. The object was created in thread id 139853454894784 and this is thread id 139853641382784.
2024-06-30 21:46:33,709 INFO:BEGIN (implicit)
2024-06-30 21:46:33,713 INFO:SELECT api.secret_key AS api_secret_key, api.api_id AS api_api_id, api.exchange_name AS api_exchange_name, api."key" AS api_key, api.passphrase AS api_passphrase, api."accountID" AS "api_accountID" 
FROM api 
WHERE api."accountID" = ?
2024-06-30 21:46:33,714 INFO:[cached since 1142s ago] (4,)
2024-06-30 21:46:33,721 INFO:BEGIN (implicit)
2024-06-30 21:46:33,724 INFO:SELECT api.secret_key AS api_secret_key, api.api_id AS api_api_id, api.exchange_name AS api_exchange_name, api."key" AS api_key, api.passphrase AS api_passphrase, api."accountID" AS "api_accountID" 
FROM api 
WHERE api."accountID" = ?
2024-06-30 21:46:33,724 INFO:BEGIN (implicit)
2024-06-30 21:46:33,724 INFO:BEGIN (implicit)
2024-06-30 21:46:33,725 INFO:[cached since 1142s ago] (4,)
2024-06-30 21:46:33,725 INFO:ROLLBACK
2024-06-30 21:46:33,726 INFO:SELECT api.secret_key AS api_secret_key, api.api_id AS api_api_id, api.exchange_name AS api_exchange_name, api."key" AS api_key, api.passphrase AS api_passphrase, api."accountID" AS "api_accountID" 
FROM api 
WHERE api."accountID" = ?
2024-06-30 21:46:33,727 INFO:SELECT api.secret_key AS api_secret_key, api.api_id AS api_api_id, api.exchange_name AS api_exchange_name, api."key" AS api_key, api.passphrase AS api_passphrase, api."accountID" AS "api_accountID" 
FROM api 
WHERE api."accountID" = ?
2024-06-30 21:46:33,733 INFO:[cached since 1142s ago] (4,)
2024-06-30 21:46:33,735 INFO:[cached since 1142s ago] (4,)
2024-06-30 21:46:33,744 INFO:ROLLBACK
2024-06-30 21:46:33,750 INFO:ROLLBACK
2024-06-30 21:46:33,750 INFO:ROLLBACK

